[0mPOST /posts/create [36m302[0m 27.029 ms - 36[0m
[0mPOST /posts/create [36m302[0m 0.987 ms - 36[0m
[0mGET /users/sign-in [36m304[0m 31.273 ms - -[0m
[0mGET /users/sign-in [36m304[0m 3.938 ms - -[0m
[0mPOST /posts/create [36m302[0m 9.398 ms - 36[0m
[0mPOST /posts/create [36m302[0m 3.247 ms - 36[0m
[0mGET /users/sign-in [36m304[0m 2.801 ms - -[0m
[0mGET /users/sign-in [36m304[0m 2.760 ms - -[0m
[0mGET / [32m200[0m 54.976 ms - 4247[0m
[0mGET /users/sign-in [36m304[0m 5.360 ms - -[0m
[0mGET /users/css/layout.css [33m404[0m 3.480 ms - 159[0m
[0mGET /users/css/header.css [33m404[0m 5.198 ms - 159[0m
[0mGET /users/css/footer.css [33m404[0m 5.898 ms - 159[0m
[0mPOST /users/create-session [36m302[0m 7.699 ms - 46[0m
[0mGET / [32m200[0m 22.107 ms - 6071[0m
[0mPOST /posts/create [32m200[0m 16.142 ms - 269[0m
[0mPOST /posts/create [32m200[0m 15.810 ms - 269[0m
[0mGET /posts/destroy/638205c2d268fd163c654a0f [32m200[0m 46.901 ms - 72[0m
[0mGET /posts/destroy/638205c2d268fd163c654a0d [32m200[0m 13.393 ms - 72[0m
[0mPOST /posts/create [32m200[0m 22.056 ms - 269[0m
[0mPOST /posts/create [32m200[0m 21.850 ms - 269[0m
[0mGET / [32m200[0m 25.809 ms - 4959[0m
[0mGET /favicon.ico [33m404[0m 3.230 ms - 150[0m
[0mGET /users/sign-in [32m200[0m 5.237 ms - 1878[0m
[0mGET /users/css/layout.css [33m404[0m 4.142 ms - 159[0m
[0mGET /users/css/header.css [33m404[0m 3.884 ms - 159[0m
[0mGET /users/css/footer.css [33m404[0m 7.057 ms - 159[0m
[0mGET /users/auth/google [36m302[0m 3.690 ms - 0[0m
[0mGET /users/auth/google/callback?code=4%2F0AfgeXvtal1go7L4SlKXKHBInIVnass8ZRsbXWnoga-4Mk-0OOpdNiSyNjmcK6CPuD3dgEA&scope=email+profile+https%3A%2F%2Fwww.googleapis.com%2Fauth%2Fuserinfo.profile+https%3A%2F%2Fwww.googleapis.com%2Fauth%2Fuserinfo.email+openid&authuser=0&prompt=consent [36m302[0m 511.343 ms - 46[0m
[0mGET / [32m200[0m 19.147 ms - 8057[0m
[0mPOST /posts/create [32m200[0m 9.095 ms - 269[0m
[0mPOST /posts/create [32m200[0m 8.929 ms - 269[0m
[0mPOST /likes/toggle/?id=63820d95cb57cb0b5f507d4a&type=Post [32m200[0m 9.559 ms - 58[0m
[0mPOST /likes/toggle/?id=63820d95cb57cb0b5f507d4a&type=Post [32m200[0m 7.171 ms - 57[0m
[0mPOST /likes/toggle/?id=63820d95cb57cb0b5f507d4a&type=Post [32m200[0m 6.836 ms - 58[0m
[0mPOST /likes/toggle/?id=63820d95cb57cb0b5f507d4a&type=Post [32m200[0m 6.826 ms - 57[0m
[0mPOST /likes/toggle/?id=63820d95cb57cb0b5f507d4a&type=Post [32m200[0m 7.809 ms - 58[0m
[0mPOST /likes/toggle/?id=63820d95cb57cb0b5f507d4a&type=Post [32m200[0m 6.365 ms - 57[0m
[0mGET / [32m200[0m 58.708 ms - 9743[0m
[0mPOST /posts/create [32m200[0m 18.128 ms - 271[0m
[0mPOST /posts/create [32m200[0m 22.492 ms - 271[0m
[0mGET / [32m200[0m 48.415 ms - 11733[0m
[0mGET / [36m304[0m 45.729 ms - -[0m
[0mGET / [36m304[0m 22.424 ms - -[0m
[0mPOST /posts/create [32m200[0m 17.341 ms - 269[0m
[0mPOST /posts/create [32m200[0m 22.447 ms - 269[0m
[0mPOST /likes/toggle/?id=638217b2f6e29deef8ce6966&type=Post [32m200[0m 18.606 ms - 58[0m
[0mGET / [32m200[0m 16.617 ms - 13719[0m
[0mPOST /posts/create [32m200[0m 17.606 ms - 267[0m
[0mPOST /posts/create [32m200[0m 17.119 ms - 267[0m
[0mGET / [32m200[0m 45.837 ms - 15701[0m
[0mPOST /likes/toggle/?id=638217d0f6e29deef8ce697e&type=Post [32m200[0m 21.209 ms - 58[0m
[0mPOST /likes/toggle/?id=638217d0f6e29deef8ce697e&type=Post [32m200[0m 11.145 ms - 57[0m
[0mPOST /likes/toggle/?id=638217d0f6e29deef8ce697c&type=Post [32m200[0m 17.022 ms - 58[0m
[0mGET / [32m200[0m 21.437 ms - 15701[0m
[0mGET /users/profile/63613eef7b22729121810270 [32m200[0m 10.122 ms - 2201[0m
[0mGET /users/profile/css/layout.css [33m404[0m 27.991 ms - 167[0m
[0mGET /users/profile/css/footer.css [33m404[0m 26.142 ms - 167[0m
[0mGET /users/profile/css/header.css [33m404[0m 44.761 ms - 167[0m
[0mGET /posts/destroy/638217d0f6e29deef8ce697e [32m200[0m 10.034 ms - 72[0m
[0mGET /posts/destroy/638217d0f6e29deef8ce697e [36m302[0m 7.262 ms - 44[0m
[0mGET / [32m200[0m 18.905 ms - 15001[0m
[0mGET / [32m200[0m 48.840 ms - 14710[0m
[0mGET / [36m304[0m 49.816 ms - -[0m
[0mPOST /likes/toggle/?id=638217b2f6e29deef8ce6969&type=Post [32m200[0m 18.285 ms - 58[0m
[0mPOST /likes/toggle/?id=638217b2f6e29deef8ce6969&type=Post [32m200[0m 11.353 ms - 57[0m
[0mPOST /likes/toggle/?id=638217b2f6e29deef8ce6969&type=Post [32m200[0m 9.994 ms - 58[0m
[0mPOST /likes/toggle/?id=638217b2f6e29deef8ce6969&type=Post [32m200[0m 8.474 ms - 57[0m
[0mPOST /likes/toggle/?id=638217b2f6e29deef8ce6969&type=Post [32m200[0m 8.366 ms - 58[0m
[0mPOST /likes/toggle/?id=638217b2f6e29deef8ce6969&type=Post [32m200[0m 8.644 ms - 57[0m
[0mPOST /likes/toggle/?id=638217b2f6e29deef8ce6969&type=Post [32m200[0m 8.377 ms - 58[0m
[0mPOST /comments/create [36m302[0m 14.239 ms - 46[0m
[0mGET / [32m200[0m 61.929 ms - 15569[0m
[0mPOST /posts/create [32m200[0m 10.001 ms - 269[0m
[0mPOST /posts/create [32m200[0m 14.988 ms - 269[0m
[0mGET / [32m200[0m 84.987 ms - 8564[0m
[0mGET /users/sign-in [36m304[0m 10.605 ms - -[0m
[0mGET /users/css/footer.css [33m404[0m 18.975 ms - 159[0m
[0mGET /users/css/layout.css [33m404[0m 22.874 ms - 159[0m
[0mGET /users/css/header.css [33m404[0m 39.624 ms - 159[0m
[0mGET /users/auth/google [36m302[0m 7.685 ms - 0[0m
[0mGET /users/auth/google/callback?code=4%2F0AfgeXvsX8HsYmlPnx98TWSB2Quh24J9Ki0sIyWF40Jpe_3EOXHpqNkiYTy9cw_86PB7Mqg&scope=email+profile+https%3A%2F%2Fwww.googleapis.com%2Fauth%2Fuserinfo.profile+openid+https%3A%2F%2Fwww.googleapis.com%2Fauth%2Fuserinfo.email&authuser=0&prompt=none [36m302[0m 522.865 ms - 46[0m
[0mGET / [32m200[0m 34.237 ms - 17559[0m
[0mPOST /posts/create [32m200[0m 27.152 ms - 269[0m
[0mPOST /posts/create [32m200[0m 26.340 ms - 269[0m
[0mPOST /likes/toggle/?id=63823d228b4e38670fc2867f&type=Post [32m200[0m 20.710 ms - 58[0m
[0mPOST /likes/toggle/?id=63823d228b4e38670fc2867d&type=Post [32m200[0m 17.526 ms - 58[0m
[0mGET / [32m200[0m 176.550 ms - 9276[0m
[0mGET /favicon.ico [33m404[0m 17.671 ms - 150[0m
[0mGET /users/sign-in [32m200[0m 7.226 ms - 1878[0m
[0mGET /users/css/layout.css [33m404[0m 15.851 ms - 159[0m
[0mGET /users/css/footer.css [33m404[0m 30.974 ms - 159[0m
[0mGET /users/css/header.css [33m404[0m 29.318 ms - 159[0m
[0mGET /users/auth/google [36m302[0m 6.587 ms - 0[0m
[0mGET /users/auth/google/callback?code=4%2F0AfgeXvu2P-nbM1uFvR4tR-YLziBUUktN58MO70Fsa1mOQlsv8GNk12eYtuTHObO417CtYw&scope=email+profile+https%3A%2F%2Fwww.googleapis.com%2Fauth%2Fuserinfo.profile+https%3A%2F%2Fwww.googleapis.com%2Fauth%2Fuserinfo.email+openid&authuser=1&prompt=consent [36m302[0m 507.240 ms - 46[0m
[0mGET / [32m200[0m 50.718 ms - 19545[0m
[0mPOST /likes/toggle/?id=63823d228b4e38670fc2867f&type=Post [32m200[0m 46.505 ms - 57[0m
[0mPOST /likes/toggle/?id=63823d228b4e38670fc2867f&type=Post [32m200[0m 27.123 ms - 58[0m
[0mGET /users/profile/63613eef7b22729121810270 [32m200[0m 28.649 ms - 2201[0m
[0mGET /users/profile/css/layout.css [33m404[0m 26.421 ms - 167[0m
[0mGET /users/profile/css/footer.css [33m404[0m 22.218 ms - 167[0m
[0mGET /users/profile/css/header.css [33m404[0m 30.617 ms - 167[0m
[0mPOST /likes/toggle/?id=63821a092697c56cc5c6e3db&type=Post [32m200[0m 15.655 ms - 58[0m
[0mPOST /likes/toggle/?id=63821a092697c56cc5c6e3db&type=Post [32m200[0m 15.043 ms - 57[0m
[0mGET / [32m200[0m 37.438 ms - 19245[0m
